Classic Timing Analyzer report for zcc
Sun Jun 10 22:18:34 2018
Quartus II Version 9.0 Build 132 02/25/2009 SJ Full Version


---------------------
; Table of Contents ;
---------------------
  1. Legal Notice
  2. Timing Analyzer Summary
  3. Timing Analyzer Settings
  4. Clock Settings Summary
  5. Parallel Compilation
  6. Clock Setup: 'clk'
  7. tco
  8. Timing Analyzer Messages



----------------
; Legal Notice ;
----------------
Copyright (C) 1991-2009 Altera Corporation
Your use of Altera Corporation's design tools, logic functions 
and other software and tools, and its AMPP partner logic 
functions, and any output files from any of the foregoing 
(including device programming or simulation files), and any 
associated documentation or information are expressly subject 
to the terms and conditions of the Altera Program License 
Subscription Agreement, Altera MegaCore Function License 
Agreement, or other applicable license agreement, including, 
without limitation, that your use is for the sole purpose of 
programming logic devices manufactured by Altera and sold by 
Altera or its authorized distributors.  Please refer to the 
applicable agreement for further details.



+------------------------------------------------------------------------------------------------------------------------------------------------------------+
; Timing Analyzer Summary                                                                                                                                    ;
+------------------------------+-------+---------------+------------------------------------------------+------+------+------------+----------+--------------+
; Type                         ; Slack ; Required Time ; Actual Time                                    ; From ; To   ; From Clock ; To Clock ; Failed Paths ;
+------------------------------+-------+---------------+------------------------------------------------+------+------+------------+----------+--------------+
; Worst-case tco               ; N/A   ; None          ; 14.154 ns                                      ; S[2] ; c[3] ; clk        ; --       ; 0            ;
; Clock Setup: 'clk'           ; N/A   ; None          ; Restricted to 304.04 MHz ( period = 3.289 ns ) ; S[1] ; S[2] ; clk        ; clk      ; 0            ;
; Total number of failed paths ;       ;               ;                                                ;      ;      ;            ;          ; 0            ;
+------------------------------+-------+---------------+------------------------------------------------+------+------+------------+----------+--------------+


+--------------------------------------------------------------------------------------------------------------------+
; Timing Analyzer Settings                                                                                           ;
+---------------------------------------------------------------------+--------------------+------+----+-------------+
; Option                                                              ; Setting            ; From ; To ; Entity Name ;
+---------------------------------------------------------------------+--------------------+------+----+-------------+
; Device Name                                                         ; EPM1270T144C5      ;      ;    ;             ;
; Timing Models                                                       ; Final              ;      ;    ;             ;
; Default hold multicycle                                             ; Same as Multicycle ;      ;    ;             ;
; Cut paths between unrelated clock domains                           ; On                 ;      ;    ;             ;
; Cut off read during write signal paths                              ; On                 ;      ;    ;             ;
; Cut off feedback from I/O pins                                      ; On                 ;      ;    ;             ;
; Report Combined Fast/Slow Timing                                    ; Off                ;      ;    ;             ;
; Ignore Clock Settings                                               ; Off                ;      ;    ;             ;
; Analyze latches as synchronous elements                             ; On                 ;      ;    ;             ;
; Enable Recovery/Removal analysis                                    ; Off                ;      ;    ;             ;
; Enable Clock Latency                                                ; Off                ;      ;    ;             ;
; Use TimeQuest Timing Analyzer                                       ; Off                ;      ;    ;             ;
; Minimum Core Junction Temperature                                   ; 0                  ;      ;    ;             ;
; Maximum Core Junction Temperature                                   ; 85                 ;      ;    ;             ;
; Number of source nodes to report per destination node               ; 10                 ;      ;    ;             ;
; Number of destination nodes to report                               ; 10                 ;      ;    ;             ;
; Number of paths to report                                           ; 200                ;      ;    ;             ;
; Report Minimum Timing Checks                                        ; Off                ;      ;    ;             ;
; Use Fast Timing Models                                              ; Off                ;      ;    ;             ;
; Report IO Paths Separately                                          ; Off                ;      ;    ;             ;
; Perform Multicorner Analysis                                        ; Off                ;      ;    ;             ;
; Reports the worst-case path for each clock domain and analysis      ; Off                ;      ;    ;             ;
; Removes common clock path pessimism (CCPP) during slack computation ; Off                ;      ;    ;             ;
; Output I/O Timing Endpoint                                          ; Near End           ;      ;    ;             ;
+---------------------------------------------------------------------+--------------------+------+----+-------------+


+------------------------------------------------------------------------------------------------------------------------------------------------------------------------------------+
; Clock Settings Summary                                                                                                                                                             ;
+-----------------+--------------------+----------+------------------+---------------+--------------+----------+-----------------------+---------------------+--------+--------------+
; Clock Node Name ; Clock Setting Name ; Type     ; Fmax Requirement ; Early Latency ; Late Latency ; Based on ; Multiply Base Fmax by ; Divide Base Fmax by ; Offset ; Phase offset ;
+-----------------+--------------------+----------+------------------+---------------+--------------+----------+-----------------------+---------------------+--------+--------------+
; clk             ;                    ; User Pin ; None             ; 0.000 ns      ; 0.000 ns     ; --       ; N/A                   ; N/A                 ; N/A    ;              ;
+-----------------+--------------------+----------+------------------+---------------+--------------+----------+-----------------------+---------------------+--------+--------------+


+------------------------------------------+
; Parallel Compilation                     ;
+----------------------------+-------------+
; Processors                 ; Number      ;
+----------------------------+-------------+
; Number detected on machine ; 2           ;
; Maximum allowed            ; 2           ;
;                            ;             ;
; Average used               ; 1.00        ;
; Maximum used               ; 1           ;
;                            ;             ;
; Usage by Processor         ; % Time Used ;
;     1 processor            ; 100.0%      ;
;     2 processors           ;   0.0%      ;
+----------------------------+-------------+


+----------------------------------------------------------------------------------------------------------------------------------------------------------------------------------+
; Clock Setup: 'clk'                                                                                                                                                               ;
+-------+------------------------------------------------+------+------+------------+----------+-----------------------------+---------------------------+-------------------------+
; Slack ; Actual fmax (period)                           ; From ; To   ; From Clock ; To Clock ; Required Setup Relationship ; Required Longest P2P Time ; Actual Longest P2P Time ;
+-------+------------------------------------------------+------+------+------------+----------+-----------------------------+---------------------------+-------------------------+
; N/A   ; Restricted to 304.04 MHz ( period = 3.289 ns ) ; S[1] ; S[2] ; clk        ; clk      ; None                        ; None                      ; 2.091 ns                ;
; N/A   ; Restricted to 304.04 MHz ( period = 3.289 ns ) ; S[1] ; S[1] ; clk        ; clk      ; None                        ; None                      ; 2.072 ns                ;
; N/A   ; Restricted to 304.04 MHz ( period = 3.289 ns ) ; S[0] ; S[1] ; clk        ; clk      ; None                        ; None                      ; 1.902 ns                ;
; N/A   ; Restricted to 304.04 MHz ( period = 3.289 ns ) ; S[0] ; S[2] ; clk        ; clk      ; None                        ; None                      ; 1.898 ns                ;
; N/A   ; Restricted to 304.04 MHz ( period = 3.289 ns ) ; S[0] ; S[0] ; clk        ; clk      ; None                        ; None                      ; 1.894 ns                ;
; N/A   ; Restricted to 304.04 MHz ( period = 3.289 ns ) ; S[2] ; S[2] ; clk        ; clk      ; None                        ; None                      ; 1.597 ns                ;
+-------+------------------------------------------------+------+------+------------+----------+-----------------------------+---------------------------+-------------------------+


+----------------------------------------------------------------+
; tco                                                            ;
+-------+--------------+------------+------+--------+------------+
; Slack ; Required tco ; Actual tco ; From ; To     ; From Clock ;
+-------+--------------+------------+------+--------+------------+
; N/A   ; None         ; 14.154 ns  ; S[2] ; c[3]   ; clk        ;
; N/A   ; None         ; 14.145 ns  ; S[2] ; c[2]   ; clk        ;
; N/A   ; None         ; 13.971 ns  ; S[1] ; c[3]   ; clk        ;
; N/A   ; None         ; 13.948 ns  ; S[1] ; c[2]   ; clk        ;
; N/A   ; None         ; 13.654 ns  ; S[0] ; c[3]   ; clk        ;
; N/A   ; None         ; 13.642 ns  ; S[0] ; c[2]   ; clk        ;
; N/A   ; None         ; 13.541 ns  ; S[1] ; c[4]   ; clk        ;
; N/A   ; None         ; 13.467 ns  ; S[0] ; c[7]   ; clk        ;
; N/A   ; None         ; 13.317 ns  ; S[0] ; c[4]   ; clk        ;
; N/A   ; None         ; 13.278 ns  ; S[1] ; c[7]   ; clk        ;
; N/A   ; None         ; 13.208 ns  ; S[2] ; c[6]   ; clk        ;
; N/A   ; None         ; 13.099 ns  ; S[1] ; c[6]   ; clk        ;
; N/A   ; None         ; 13.077 ns  ; S[0] ; seg[6] ; clk        ;
; N/A   ; None         ; 13.077 ns  ; S[0] ; seg[2] ; clk        ;
; N/A   ; None         ; 13.027 ns  ; S[2] ; c[4]   ; clk        ;
; N/A   ; None         ; 12.959 ns  ; S[2] ; c[7]   ; clk        ;
; N/A   ; None         ; 12.809 ns  ; S[0] ; c[6]   ; clk        ;
; N/A   ; None         ; 12.730 ns  ; S[1] ; c[5]   ; clk        ;
; N/A   ; None         ; 12.728 ns  ; S[2] ; seg[5] ; clk        ;
; N/A   ; None         ; 12.688 ns  ; S[2] ; seg[6] ; clk        ;
; N/A   ; None         ; 12.688 ns  ; S[2] ; seg[2] ; clk        ;
; N/A   ; None         ; 12.627 ns  ; S[1] ; c[1]   ; clk        ;
; N/A   ; None         ; 12.619 ns  ; S[1] ; seg[5] ; clk        ;
; N/A   ; None         ; 12.512 ns  ; S[0] ; c[5]   ; clk        ;
; N/A   ; None         ; 12.462 ns  ; S[0] ; c[1]   ; clk        ;
; N/A   ; None         ; 12.347 ns  ; S[0] ; seg[3] ; clk        ;
; N/A   ; None         ; 12.329 ns  ; S[0] ; seg[5] ; clk        ;
; N/A   ; None         ; 12.223 ns  ; S[2] ; c[5]   ; clk        ;
; N/A   ; None         ; 12.067 ns  ; S[2] ; c[1]   ; clk        ;
; N/A   ; None         ; 11.958 ns  ; S[2] ; seg[3] ; clk        ;
; N/A   ; None         ; 11.662 ns  ; S[0] ; c[0]   ; clk        ;
; N/A   ; None         ; 11.541 ns  ; S[0] ; seg[0] ; clk        ;
; N/A   ; None         ; 11.271 ns  ; S[1] ; c[0]   ; clk        ;
; N/A   ; None         ; 11.169 ns  ; S[1] ; seg[0] ; clk        ;
; N/A   ; None         ; 11.155 ns  ; S[0] ; seg[4] ; clk        ;
; N/A   ; None         ; 10.971 ns  ; S[0] ; seg[1] ; clk        ;
; N/A   ; None         ; 10.917 ns  ; S[2] ; c[0]   ; clk        ;
; N/A   ; None         ; 10.787 ns  ; S[2] ; seg[0] ; clk        ;
; N/A   ; None         ; 10.764 ns  ; S[1] ; seg[4] ; clk        ;
; N/A   ; None         ; 10.598 ns  ; S[1] ; seg[1] ; clk        ;
; N/A   ; None         ; 10.411 ns  ; S[2] ; seg[4] ; clk        ;
; N/A   ; None         ; 10.224 ns  ; S[2] ; seg[1] ; clk        ;
+-------+--------------+------------+------+--------+------------+


+--------------------------+
; Timing Analyzer Messages ;
+--------------------------+
Info: *******************************************************************
Info: Running Quartus II Classic Timing Analyzer
    Info: Version 9.0 Build 132 02/25/2009 SJ Full Version
    Info: Processing started: Sun Jun 10 22:18:33 2018
Info: Command: quartus_tan --read_settings_files=off --write_settings_files=off zcc -c zcc
Info: Parallel compilation is enabled and will use 2 of the 2 processors detected
Info: Started post-fitting delay annotation
Info: Delay annotation completed successfully
Warning: Found pins functioning as undefined clocks and/or memory enables
    Info: Assuming node "clk" is an undefined clock
Info: Clock "clk" Internal fmax is restricted to 304.04 MHz between source register "S[1]" and destination register "S[2]"
    Info: fmax restricted to clock pin edge rate 3.289 ns. Expand message to see actual delay path.
        Info: + Longest register to register delay is 2.091 ns
            Info: 1: + IC(0.000 ns) + CELL(0.000 ns) = 0.000 ns; Loc. = LC_X14_Y2_N7; Fanout = 13; REG Node = 'S[1]'
            Info: 2: + IC(1.030 ns) + CELL(1.061 ns) = 2.091 ns; Loc. = LC_X14_Y2_N1; Fanout = 13; REG Node = 'S[2]'
            Info: Total cell delay = 1.061 ns ( 50.74 % )
            Info: Total interconnect delay = 1.030 ns ( 49.26 % )
        Info: - Smallest clock skew is 0.000 ns
            Info: + Shortest clock path from clock "clk" to destination register is 3.819 ns
                Info: 1: + IC(0.000 ns) + CELL(1.163 ns) = 1.163 ns; Loc. = PIN_18; Fanout = 3; CLK Node = 'clk'
                Info: 2: + IC(1.738 ns) + CELL(0.918 ns) = 3.819 ns; Loc. = LC_X14_Y2_N1; Fanout = 13; REG Node = 'S[2]'
                Info: Total cell delay = 2.081 ns ( 54.49 % )
                Info: Total interconnect delay = 1.738 ns ( 45.51 % )
            Info: - Longest clock path from clock "clk" to source register is 3.819 ns
                Info: 1: + IC(0.000 ns) + CELL(1.163 ns) = 1.163 ns; Loc. = PIN_18; Fanout = 3; CLK Node = 'clk'
                Info: 2: + IC(1.738 ns) + CELL(0.918 ns) = 3.819 ns; Loc. = LC_X14_Y2_N7; Fanout = 13; REG Node = 'S[1]'
                Info: Total cell delay = 2.081 ns ( 54.49 % )
                Info: Total interconnect delay = 1.738 ns ( 45.51 % )
        Info: + Micro clock to output delay of source is 0.376 ns
        Info: + Micro setup delay of destination is 0.333 ns
Info: tco from clock "clk" to destination pin "c[3]" through register "S[2]" is 14.154 ns
    Info: + Longest clock path from clock "clk" to source register is 3.819 ns
        Info: 1: + IC(0.000 ns) + CELL(1.163 ns) = 1.163 ns; Loc. = PIN_18; Fanout = 3; CLK Node = 'clk'
        Info: 2: + IC(1.738 ns) + CELL(0.918 ns) = 3.819 ns; Loc. = LC_X14_Y2_N1; Fanout = 13; REG Node = 'S[2]'
        Info: Total cell delay = 2.081 ns ( 54.49 % )
        Info: Total interconnect delay = 1.738 ns ( 45.51 % )
    Info: + Micro clock to output delay of source is 0.376 ns
    Info: + Longest register to pin delay is 9.959 ns
        Info: 1: + IC(0.000 ns) + CELL(0.000 ns) = 0.000 ns; Loc. = LC_X14_Y2_N1; Fanout = 13; REG Node = 'S[2]'
        Info: 2: + IC(3.247 ns) + CELL(0.740 ns) = 3.987 ns; Loc. = LC_X6_Y4_N0; Fanout = 1; COMB Node = 'Mux0~4'
        Info: 3: + IC(3.650 ns) + CELL(2.322 ns) = 9.959 ns; Loc. = PIN_1; Fanout = 0; PIN Node = 'c[3]'
        Info: Total cell delay = 3.062 ns ( 30.75 % )
        Info: Total interconnect delay = 6.897 ns ( 69.25 % )
Info: Quartus II Classic Timing Analyzer was successful. 0 errors, 1 warning
    Info: Peak virtual memory: 206 megabytes
    Info: Processing ended: Sun Jun 10 22:18:34 2018
    Info: Elapsed time: 00:00:01
    Info: Total CPU time (on all processors): 00:00:01


