Flow report for lxx
Sun Jun 10 22:25:07 2018
Quartus II 64-Bit Version 9.0 Build 132 02/25/2009 SJ Full Version


---------------------
; Table of Contents ;
---------------------
  1. Legal Notice
  2. Flow Summary
  3. Flow Settings
  4. Flow Non-Default Global Settings
  5. Flow Elapsed Time
  6. Flow OS Summary
  7. Flow Log



----------------
; Legal Notice ;
----------------
Copyright (C) 1991-2009 Altera Corporation
Your use of Altera Corporation's design tools, logic functions 
and other software and tools, and its AMPP partner logic 
functions, and any output files from any of the foregoing 
(including device programming or simulation files), and any 
associated documentation or information are expressly subject 
to the terms and conditions of the Altera Program License 
Subscription Agreement, Altera MegaCore Function License 
Agreement, or other applicable license agreement, including, 
without limitation, that your use is for the sole purpose of 
programming logic devices manufactured by Altera and sold by 
Altera or its authorized distributors.  Please refer to the 
applicable agreement for further details.



+----------------------------------------------------------------------+
; Flow Summary                                                         ;
+---------------------------+------------------------------------------+
; Flow Status               ; Flow Failed - Sun Jun 10 22:25:07 2018   ;
; Quartus II 64-Bit Version ; 9.0 Build 132 02/25/2009 SJ Full Version ;
; Revision Name             ; lxx                                      ;
; Top-level Entity Name     ; lxx                                      ;
; Family                    ; MAX II                                   ;
; Device                    ; EPM1270T144C5                            ;
; Timing Models             ; Final                                    ;
; Met timing requirements   ; N/A                                      ;
; Total logic elements      ; 16                                       ;
; Total pins                ; 17                                       ;
; Total virtual pins        ; 0                                        ;
; UFM blocks                ; 0                                        ;
+---------------------------+------------------------------------------+


+-----------------------------------------+
; Flow Settings                           ;
+-------------------+---------------------+
; Option            ; Setting             ;
+-------------------+---------------------+
; Start date & time ; 06/10/2018 22:25:03 ;
; Main task         ; Compilation         ;
; Revision Name     ; lxx                 ;
+-------------------+---------------------+


+---------------------------------------------------------------------------------------------------------------------------------+
; Flow Non-Default Global Settings                                                                                                ;
+---------------------------------------+------------------------------------------+---------------+-------------+----------------+
; Assignment Name                       ; Value                                    ; Default Value ; Entity Name ; Section Id     ;
+---------------------------------------+------------------------------------------+---------------+-------------+----------------+
; COMPILER_SIGNATURE_ID                 ; 93383151437679.152864070215352           ; --            ; --          ; --             ;
; MAX_CORE_JUNCTION_TEMP                ; 85                                       ; --            ; --          ; --             ;
; MIN_CORE_JUNCTION_TEMP                ; 0                                        ; --            ; --          ; --             ;
; MISC_FILE                             ; C:/Users/LXX/Desktop/Quartus/lxx/lxx.dpf ; --            ; --          ; --             ;
; POWER_EXT_SUPPLY_VOLTAGE_TO_REGULATOR ; 3.3V                                     ; --            ; --          ; --             ;
; USE_GENERATED_PHYSICAL_CONSTRAINTS    ; Off                                      ; --            ; --          ; eda_blast_fpga ;
+---------------------------------------+------------------------------------------+---------------+-------------+----------------+


+--------------------------------------------------------------------------------------------------------------------------+
; Flow Elapsed Time                                                                                                        ;
+----------------------+--------------+-------------------------+---------------------+------------------------------------+
; Module Name          ; Elapsed Time ; Average Processors Used ; Peak Virtual Memory ; Total CPU Time (on all processors) ;
+----------------------+--------------+-------------------------+---------------------+------------------------------------+
; Analysis & Synthesis ; 00:00:03     ; 1.0                     ; 342 MB              ; 00:00:03                           ;
; Fitter               ; 00:00:01     ; 1.0                     ; 278 MB              ; 00:00:00                           ;
; Total                ; 00:00:04     ; --                      ; --                  ; 00:00:03                           ;
+----------------------+--------------+-------------------------+---------------------+------------------------------------+


+---------------------------------------------------------------------------------------+
; Flow OS Summary                                                                       ;
+----------------------+------------------+---------------+------------+----------------+
; Module Name          ; Machine Hostname ; OS Name       ; OS Version ; Processor type ;
+----------------------+------------------+---------------+------------+----------------+
; Analysis & Synthesis ; DESKTOP-0R3OKTM  ; Windows Vista ; 6.2        ; x86_64         ;
; Fitter               ; DESKTOP-0R3OKTM  ; Windows Vista ; 6.2        ; x86_64         ;
+----------------------+------------------+---------------+------------+----------------+


------------
; Flow Log ;
------------
quartus_map --read_settings_files=on --write_settings_files=off lxx -c lxx
quartus_fit --read_settings_files=off --write_settings_files=off lxx -c lxx



