Classic Timing Analyzer report for roll
Sun Jun 10 23:09:15 2018
Quartus II Version 9.0 Build 132 02/25/2009 SJ Full Version


---------------------
; Table of Contents ;
---------------------
  1. Legal Notice
  2. Timing Analyzer Summary
  3. Timing Analyzer Settings
  4. Clock Settings Summary
  5. Parallel Compilation
  6. Clock Setup: 'clk'
  7. tco
  8. Timing Analyzer Messages



----------------
; Legal Notice ;
----------------
Copyright (C) 1991-2009 Altera Corporation
Your use of Altera Corporation's design tools, logic functions 
and other software and tools, and its AMPP partner logic 
functions, and any output files from any of the foregoing 
(including device programming or simulation files), and any 
associated documentation or information are expressly subject 
to the terms and conditions of the Altera Program License 
Subscription Agreement, Altera MegaCore Function License 
Agreement, or other applicable license agreement, including, 
without limitation, that your use is for the sole purpose of 
programming logic devices manufactured by Altera and sold by 
Altera or its authorized distributors.  Please refer to the 
applicable agreement for further details.



+---------------------------------------------------------------------------------------------------------------------------------------------------------------+
; Timing Analyzer Summary                                                                                                                                       ;
+------------------------------+-------+---------------+----------------------------------+--------------+---------------+------------+----------+--------------+
; Type                         ; Slack ; Required Time ; Actual Time                      ; From         ; To            ; From Clock ; To Clock ; Failed Paths ;
+------------------------------+-------+---------------+----------------------------------+--------------+---------------+------------+----------+--------------+
; Worst-case tco               ; N/A   ; None          ; 18.860 ns                        ; number[2]    ; partout[5]    ; clk        ; --       ; 0            ;
; Clock Setup: 'clk'           ; N/A   ; None          ; 95.75 MHz ( period = 10.444 ns ) ; \p3:count[2] ; \p3:count[12] ; clk        ; clk      ; 0            ;
; Total number of failed paths ;       ;               ;                                  ;              ;               ;            ;          ; 0            ;
+------------------------------+-------+---------------+----------------------------------+--------------+---------------+------------+----------+--------------+


+--------------------------------------------------------------------------------------------------------------------+
; Timing Analyzer Settings                                                                                           ;
+---------------------------------------------------------------------+--------------------+------+----+-------------+
; Option                                                              ; Setting            ; From ; To ; Entity Name ;
+---------------------------------------------------------------------+--------------------+------+----+-------------+
; Device Name                                                         ; EPM1270T144C5      ;      ;    ;             ;
; Timing Models                                                       ; Final              ;      ;    ;             ;
; Default hold multicycle                                             ; Same as Multicycle ;      ;    ;             ;
; Cut paths between unrelated clock domains                           ; On                 ;      ;    ;             ;
; Cut off read during write signal paths                              ; On                 ;      ;    ;             ;
; Cut off feedback from I/O pins                                      ; On                 ;      ;    ;             ;
; Report Combined Fast/Slow Timing                                    ; Off                ;      ;    ;             ;
; Ignore Clock Settings                                               ; Off                ;      ;    ;             ;
; Analyze latches as synchronous elements                             ; On                 ;      ;    ;             ;
; Enable Recovery/Removal analysis                                    ; Off                ;      ;    ;             ;
; Enable Clock Latency                                                ; Off                ;      ;    ;             ;
; Use TimeQuest Timing Analyzer                                       ; Off                ;      ;    ;             ;
; Minimum Core Junction Temperature                                   ; 0                  ;      ;    ;             ;
; Maximum Core Junction Temperature                                   ; 85                 ;      ;    ;             ;
; Number of source nodes to report per destination node               ; 10                 ;      ;    ;             ;
; Number of destination nodes to report                               ; 10                 ;      ;    ;             ;
; Number of paths to report                                           ; 200                ;      ;    ;             ;
; Report Minimum Timing Checks                                        ; Off                ;      ;    ;             ;
; Use Fast Timing Models                                              ; Off                ;      ;    ;             ;
; Report IO Paths Separately                                          ; Off                ;      ;    ;             ;
; Perform Multicorner Analysis                                        ; Off                ;      ;    ;             ;
; Reports the worst-case path for each clock domain and analysis      ; Off                ;      ;    ;             ;
; Removes common clock path pessimism (CCPP) during slack computation ; Off                ;      ;    ;             ;
; Output I/O Timing Endpoint                                          ; Near End           ;      ;    ;             ;
+---------------------------------------------------------------------+--------------------+------+----+-------------+


+------------------------------------------------------------------------------------------------------------------------------------------------------------------------------------+
; Clock Settings Summary                                                                                                                                                             ;
+-----------------+--------------------+----------+------------------+---------------+--------------+----------+-----------------------+---------------------+--------+--------------+
; Clock Node Name ; Clock Setting Name ; Type     ; Fmax Requirement ; Early Latency ; Late Latency ; Based on ; Multiply Base Fmax by ; Divide Base Fmax by ; Offset ; Phase offset ;
+-----------------+--------------------+----------+------------------+---------------+--------------+----------+-----------------------+---------------------+--------+--------------+
; clk             ;                    ; User Pin ; None             ; 0.000 ns      ; 0.000 ns     ; --       ; N/A                   ; N/A                 ; N/A    ;              ;
+-----------------+--------------------+----------+------------------+---------------+--------------+----------+-----------------------+---------------------+--------+--------------+


+------------------------------------------+
; Parallel Compilation                     ;
+----------------------------+-------------+
; Processors                 ; Number      ;
+----------------------------+-------------+
; Number detected on machine ; 2           ;
; Maximum allowed            ; 2           ;
;                            ;             ;
; Average used               ; 1.00        ;
; Maximum used               ; 1           ;
;                            ;             ;
; Usage by Processor         ; % Time Used ;
;     1 processor            ; 100.0%      ;
;     2 processors           ;   0.0%      ;
+----------------------------+-------------+


+-------------------------------------------------------------------------------------------------------------------------------------------------------------------------------------------------------------------------------------------+
; Clock Setup: 'clk'                                                                                                                                                                                                                        ;
+-----------------------------------------+-----------------------------------------------------+---------------+---------------+------------+----------+-----------------------------+---------------------------+-------------------------+
; Slack                                   ; Actual fmax (period)                                ; From          ; To            ; From Clock ; To Clock ; Required Setup Relationship ; Required Longest P2P Time ; Actual Longest P2P Time ;
+-----------------------------------------+-----------------------------------------------------+---------------+---------------+------------+----------+-----------------------------+---------------------------+-------------------------+
; N/A                                     ; 95.75 MHz ( period = 10.444 ns )                    ; \p3:count[2]  ; \p3:count[12] ; clk        ; clk      ; None                        ; None                      ; 9.735 ns                ;
; N/A                                     ; 95.93 MHz ( period = 10.424 ns )                    ; \p3:count[2]  ; \p3:count[19] ; clk        ; clk      ; None                        ; None                      ; 9.715 ns                ;
; N/A                                     ; 97.07 MHz ( period = 10.302 ns )                    ; \p3:count[20] ; \p3:count[12] ; clk        ; clk      ; None                        ; None                      ; 9.593 ns                ;
; N/A                                     ; 97.26 MHz ( period = 10.282 ns )                    ; \p3:count[20] ; \p3:count[19] ; clk        ; clk      ; None                        ; None                      ; 9.573 ns                ;
; N/A                                     ; 97.70 MHz ( period = 10.235 ns )                    ; \p3:count[2]  ; \p3:count[16] ; clk        ; clk      ; None                        ; None                      ; 9.526 ns                ;
; N/A                                     ; 97.73 MHz ( period = 10.232 ns )                    ; \p3:count[2]  ; \p3:count[11] ; clk        ; clk      ; None                        ; None                      ; 9.523 ns                ;
; N/A                                     ; 97.75 MHz ( period = 10.230 ns )                    ; \p3:count[2]  ; move          ; clk        ; clk      ; None                        ; None                      ; 9.521 ns                ;
; N/A                                     ; 97.83 MHz ( period = 10.222 ns )                    ; \p3:count[2]  ; \p3:count[6]  ; clk        ; clk      ; None                        ; None                      ; 9.513 ns                ;
; N/A                                     ; 97.86 MHz ( period = 10.219 ns )                    ; \p3:count[2]  ; \p3:count[18] ; clk        ; clk      ; None                        ; None                      ; 9.510 ns                ;
; N/A                                     ; 98.66 MHz ( period = 10.136 ns )                    ; \p3:count[0]  ; \p3:count[12] ; clk        ; clk      ; None                        ; None                      ; 9.427 ns                ;
; N/A                                     ; 98.73 MHz ( period = 10.129 ns )                    ; \p3:count[22] ; \p3:count[12] ; clk        ; clk      ; None                        ; None                      ; 9.420 ns                ;
; N/A                                     ; 98.73 MHz ( period = 10.129 ns )                    ; number[7]     ; number[1]     ; clk        ; clk      ; None                        ; None                      ; 7.936 ns                ;
; N/A                                     ; 98.85 MHz ( period = 10.116 ns )                    ; \p3:count[0]  ; \p3:count[19] ; clk        ; clk      ; None                        ; None                      ; 9.407 ns                ;
; N/A                                     ; 98.92 MHz ( period = 10.109 ns )                    ; \p3:count[22] ; \p3:count[19] ; clk        ; clk      ; None                        ; None                      ; 9.400 ns                ;
; N/A                                     ; 98.94 MHz ( period = 10.107 ns )                    ; \p3:count[21] ; \p3:count[12] ; clk        ; clk      ; None                        ; None                      ; 9.398 ns                ;
; N/A                                     ; 99.08 MHz ( period = 10.093 ns )                    ; \p3:count[20] ; \p3:count[16] ; clk        ; clk      ; None                        ; None                      ; 9.384 ns                ;
; N/A                                     ; 99.11 MHz ( period = 10.090 ns )                    ; \p3:count[20] ; \p3:count[11] ; clk        ; clk      ; None                        ; None                      ; 9.381 ns                ;
; N/A                                     ; 99.13 MHz ( period = 10.088 ns )                    ; \p3:count[20] ; move          ; clk        ; clk      ; None                        ; None                      ; 9.379 ns                ;
; N/A                                     ; 99.14 MHz ( period = 10.087 ns )                    ; \p3:count[21] ; \p3:count[19] ; clk        ; clk      ; None                        ; None                      ; 9.378 ns                ;
; N/A                                     ; 99.21 MHz ( period = 10.080 ns )                    ; \p3:count[20] ; \p3:count[6]  ; clk        ; clk      ; None                        ; None                      ; 9.371 ns                ;
; N/A                                     ; 99.24 MHz ( period = 10.077 ns )                    ; \p3:count[20] ; \p3:count[18] ; clk        ; clk      ; None                        ; None                      ; 9.368 ns                ;
; N/A                                     ; 99.33 MHz ( period = 10.067 ns )                    ; \p3:count[2]  ; \p3:count[24] ; clk        ; clk      ; None                        ; None                      ; 9.358 ns                ;
; N/A                                     ; 99.38 MHz ( period = 10.062 ns )                    ; number[4]     ; number[4]     ; clk        ; clk      ; None                        ; None                      ; 8.052 ns                ;
; N/A                                     ; 99.70 MHz ( period = 10.030 ns )                    ; number[6]     ; number[1]     ; clk        ; clk      ; None                        ; None                      ; 7.839 ns                ;
; N/A                                     ; 100.74 MHz ( period = 9.927 ns )                    ; \p3:count[0]  ; \p3:count[16] ; clk        ; clk      ; None                        ; None                      ; 9.218 ns                ;
; N/A                                     ; 100.76 MHz ( period = 9.925 ns )                    ; \p3:count[20] ; \p3:count[24] ; clk        ; clk      ; None                        ; None                      ; 9.216 ns                ;
; N/A                                     ; 100.77 MHz ( period = 9.924 ns )                    ; \p3:count[0]  ; \p3:count[11] ; clk        ; clk      ; None                        ; None                      ; 9.215 ns                ;
; N/A                                     ; 100.79 MHz ( period = 9.922 ns )                    ; \p3:count[0]  ; move          ; clk        ; clk      ; None                        ; None                      ; 9.213 ns                ;
; N/A                                     ; 100.81 MHz ( period = 9.920 ns )                    ; \p3:count[22] ; \p3:count[16] ; clk        ; clk      ; None                        ; None                      ; 9.211 ns                ;
; N/A                                     ; 100.84 MHz ( period = 9.917 ns )                    ; \p3:count[22] ; \p3:count[11] ; clk        ; clk      ; None                        ; None                      ; 9.208 ns                ;
; N/A                                     ; 100.86 MHz ( period = 9.915 ns )                    ; \p3:count[22] ; move          ; clk        ; clk      ; None                        ; None                      ; 9.206 ns                ;
; N/A                                     ; 100.87 MHz ( period = 9.914 ns )                    ; \p3:count[0]  ; \p3:count[6]  ; clk        ; clk      ; None                        ; None                      ; 9.205 ns                ;
; N/A                                     ; 100.90 MHz ( period = 9.911 ns )                    ; \p3:count[0]  ; \p3:count[18] ; clk        ; clk      ; None                        ; None                      ; 9.202 ns                ;
; N/A                                     ; 100.94 MHz ( period = 9.907 ns )                    ; \p3:count[22] ; \p3:count[6]  ; clk        ; clk      ; None                        ; None                      ; 9.198 ns                ;
; N/A                                     ; 100.97 MHz ( period = 9.904 ns )                    ; \p3:count[22] ; \p3:count[18] ; clk        ; clk      ; None                        ; None                      ; 9.195 ns                ;
; N/A                                     ; 101.03 MHz ( period = 9.898 ns )                    ; \p3:count[21] ; \p3:count[16] ; clk        ; clk      ; None                        ; None                      ; 9.189 ns                ;
; N/A                                     ; 101.06 MHz ( period = 9.895 ns )                    ; \p3:count[21] ; \p3:count[11] ; clk        ; clk      ; None                        ; None                      ; 9.186 ns                ;
; N/A                                     ; 101.08 MHz ( period = 9.893 ns )                    ; \p3:count[21] ; move          ; clk        ; clk      ; None                        ; None                      ; 9.184 ns                ;
; N/A                                     ; 101.09 MHz ( period = 9.892 ns )                    ; number[6]     ; number[5]     ; clk        ; clk      ; None                        ; None                      ; 7.773 ns                ;
; N/A                                     ; 101.16 MHz ( period = 9.885 ns )                    ; \p3:count[21] ; \p3:count[6]  ; clk        ; clk      ; None                        ; None                      ; 9.176 ns                ;
; N/A                                     ; 101.19 MHz ( period = 9.882 ns )                    ; \p3:count[21] ; \p3:count[18] ; clk        ; clk      ; None                        ; None                      ; 9.173 ns                ;
; N/A                                     ; 101.93 MHz ( period = 9.811 ns )                    ; number[5]     ; number[1]     ; clk        ; clk      ; None                        ; None                      ; 7.625 ns                ;
; N/A                                     ; 102.47 MHz ( period = 9.759 ns )                    ; \p3:count[0]  ; \p3:count[24] ; clk        ; clk      ; None                        ; None                      ; 9.050 ns                ;
; N/A                                     ; 102.50 MHz ( period = 9.756 ns )                    ; number[2]     ; number[1]     ; clk        ; clk      ; None                        ; None                      ; 7.582 ns                ;
; N/A                                     ; 102.54 MHz ( period = 9.752 ns )                    ; \p3:count[22] ; \p3:count[24] ; clk        ; clk      ; None                        ; None                      ; 9.043 ns                ;
; N/A                                     ; 102.55 MHz ( period = 9.751 ns )                    ; number[0]     ; number[1]     ; clk        ; clk      ; None                        ; None                      ; 7.565 ns                ;
; N/A                                     ; 102.77 MHz ( period = 9.730 ns )                    ; \p3:count[21] ; \p3:count[24] ; clk        ; clk      ; None                        ; None                      ; 9.021 ns                ;
; N/A                                     ; 103.04 MHz ( period = 9.705 ns )                    ; \p3:count[2]  ; \p3:count[0]  ; clk        ; clk      ; None                        ; None                      ; 8.996 ns                ;
; N/A                                     ; 103.75 MHz ( period = 9.639 ns )                    ; \p3:count[5]  ; \p3:count[12] ; clk        ; clk      ; None                        ; None                      ; 8.930 ns                ;
; N/A                                     ; 103.96 MHz ( period = 9.619 ns )                    ; \p3:count[5]  ; \p3:count[19] ; clk        ; clk      ; None                        ; None                      ; 8.910 ns                ;
; N/A                                     ; 104.01 MHz ( period = 9.614 ns )                    ; \p4:judge1    ; number[3]     ; clk        ; clk      ; None                        ; None                      ; 4.097 ns                ;
; N/A                                     ; 104.43 MHz ( period = 9.576 ns )                    ; \p3:count[3]  ; \p3:count[12] ; clk        ; clk      ; None                        ; None                      ; 8.867 ns                ;
; N/A                                     ; 104.57 MHz ( period = 9.563 ns )                    ; \p3:count[20] ; \p3:count[0]  ; clk        ; clk      ; None                        ; None                      ; 8.854 ns                ;
; N/A                                     ; 104.65 MHz ( period = 9.556 ns )                    ; \p3:count[3]  ; \p3:count[19] ; clk        ; clk      ; None                        ; None                      ; 8.847 ns                ;
; N/A                                     ; 104.83 MHz ( period = 9.539 ns )                    ; \p3:count[7]  ; \p3:count[12] ; clk        ; clk      ; None                        ; None                      ; 8.830 ns                ;
; N/A                                     ; 104.99 MHz ( period = 9.525 ns )                    ; number[3]     ; number[2]     ; clk        ; clk      ; None                        ; None                      ; 7.371 ns                ;
; N/A                                     ; 105.05 MHz ( period = 9.519 ns )                    ; \p3:count[7]  ; \p3:count[19] ; clk        ; clk      ; None                        ; None                      ; 8.810 ns                ;
; N/A                                     ; 105.52 MHz ( period = 9.477 ns )                    ; number[6]     ; number[6]     ; clk        ; clk      ; None                        ; None                      ; 7.362 ns                ;
; N/A                                     ; 105.64 MHz ( period = 9.466 ns )                    ; number[0]     ; number[2]     ; clk        ; clk      ; None                        ; None                      ; 7.292 ns                ;
; N/A                                     ; 105.85 MHz ( period = 9.447 ns )                    ; number[5]     ; number[2]     ; clk        ; clk      ; None                        ; None                      ; 7.273 ns                ;
; N/A                                     ; 106.04 MHz ( period = 9.430 ns )                    ; \p3:count[5]  ; \p3:count[16] ; clk        ; clk      ; None                        ; None                      ; 8.721 ns                ;
; N/A                                     ; 106.08 MHz ( period = 9.427 ns )                    ; \p3:count[5]  ; \p3:count[11] ; clk        ; clk      ; None                        ; None                      ; 8.718 ns                ;
; N/A                                     ; 106.10 MHz ( period = 9.425 ns )                    ; \p3:count[5]  ; move          ; clk        ; clk      ; None                        ; None                      ; 8.716 ns                ;
; N/A                                     ; 106.19 MHz ( period = 9.417 ns )                    ; \p3:count[5]  ; \p3:count[6]  ; clk        ; clk      ; None                        ; None                      ; 8.708 ns                ;
; N/A                                     ; 106.22 MHz ( period = 9.414 ns )                    ; \p3:count[5]  ; \p3:count[18] ; clk        ; clk      ; None                        ; None                      ; 8.705 ns                ;
; N/A                                     ; 106.33 MHz ( period = 9.405 ns )                    ; \p3:count[7]  ; \p3:count[22] ; clk        ; clk      ; None                        ; None                      ; 8.696 ns                ;
; N/A                                     ; 106.42 MHz ( period = 9.397 ns )                    ; \p3:count[0]  ; \p3:count[0]  ; clk        ; clk      ; None                        ; None                      ; 8.688 ns                ;
; N/A                                     ; 106.47 MHz ( period = 9.392 ns )                    ; number[2]     ; number[2]     ; clk        ; clk      ; None                        ; None                      ; 7.230 ns                ;
; N/A                                     ; 106.50 MHz ( period = 9.390 ns )                    ; \p3:count[22] ; \p3:count[0]  ; clk        ; clk      ; None                        ; None                      ; 8.681 ns                ;
; N/A                                     ; 106.64 MHz ( period = 9.377 ns )                    ; number[3]     ; number[4]     ; clk        ; clk      ; None                        ; None                      ; 7.299 ns                ;
; N/A                                     ; 106.75 MHz ( period = 9.368 ns )                    ; \p3:count[21] ; \p3:count[0]  ; clk        ; clk      ; None                        ; None                      ; 8.659 ns                ;
; N/A                                     ; 106.75 MHz ( period = 9.368 ns )                    ; \p4:judge1    ; number[2]     ; clk        ; clk      ; None                        ; None                      ; 3.816 ns                ;
; N/A                                     ; 106.76 MHz ( period = 9.367 ns )                    ; \p3:count[3]  ; \p3:count[16] ; clk        ; clk      ; None                        ; None                      ; 8.658 ns                ;
; N/A                                     ; 106.77 MHz ( period = 9.366 ns )                    ; \p3:count[12] ; \p3:count[12] ; clk        ; clk      ; None                        ; None                      ; 8.657 ns                ;
; N/A                                     ; 106.79 MHz ( period = 9.364 ns )                    ; \p3:count[3]  ; \p3:count[11] ; clk        ; clk      ; None                        ; None                      ; 8.655 ns                ;
; N/A                                     ; 106.81 MHz ( period = 9.362 ns )                    ; \p3:count[3]  ; move          ; clk        ; clk      ; None                        ; None                      ; 8.653 ns                ;
; N/A                                     ; 106.91 MHz ( period = 9.354 ns )                    ; \p3:count[3]  ; \p3:count[6]  ; clk        ; clk      ; None                        ; None                      ; 8.645 ns                ;
; N/A                                     ; 106.94 MHz ( period = 9.351 ns )                    ; \p3:count[3]  ; \p3:count[18] ; clk        ; clk      ; None                        ; None                      ; 8.642 ns                ;
; N/A                                     ; 107.00 MHz ( period = 9.346 ns )                    ; \p3:count[12] ; \p3:count[19] ; clk        ; clk      ; None                        ; None                      ; 8.637 ns                ;
; N/A                                     ; 107.18 MHz ( period = 9.330 ns )                    ; \p3:count[7]  ; \p3:count[16] ; clk        ; clk      ; None                        ; None                      ; 8.621 ns                ;
; N/A                                     ; 107.22 MHz ( period = 9.327 ns )                    ; \p3:count[7]  ; \p3:count[11] ; clk        ; clk      ; None                        ; None                      ; 8.618 ns                ;
; N/A                                     ; 107.24 MHz ( period = 9.325 ns )                    ; \p3:count[7]  ; move          ; clk        ; clk      ; None                        ; None                      ; 8.616 ns                ;
; N/A                                     ; 107.32 MHz ( period = 9.318 ns )                    ; number[0]     ; number[4]     ; clk        ; clk      ; None                        ; None                      ; 7.220 ns                ;
; N/A                                     ; 107.33 MHz ( period = 9.317 ns )                    ; \p3:count[7]  ; \p3:count[6]  ; clk        ; clk      ; None                        ; None                      ; 8.608 ns                ;
; N/A                                     ; 107.37 MHz ( period = 9.314 ns )                    ; \p3:count[7]  ; \p3:count[18] ; clk        ; clk      ; None                        ; None                      ; 8.605 ns                ;
; N/A                                     ; 107.49 MHz ( period = 9.303 ns )                    ; \p3:count[16] ; \p3:count[12] ; clk        ; clk      ; None                        ; None                      ; 8.594 ns                ;
; N/A                                     ; 107.54 MHz ( period = 9.299 ns )                    ; number[7]     ; number[2]     ; clk        ; clk      ; None                        ; None                      ; 7.118 ns                ;
; N/A                                     ; 107.64 MHz ( period = 9.290 ns )                    ; \p3:count[3]  ; \p3:count[22] ; clk        ; clk      ; None                        ; None                      ; 8.581 ns                ;
; N/A                                     ; 107.72 MHz ( period = 9.283 ns )                    ; \p3:count[16] ; \p3:count[19] ; clk        ; clk      ; None                        ; None                      ; 8.574 ns                ;
; N/A                                     ; 107.97 MHz ( period = 9.262 ns )                    ; \p3:count[5]  ; \p3:count[24] ; clk        ; clk      ; None                        ; None                      ; 8.553 ns                ;
; N/A                                     ; 108.04 MHz ( period = 9.256 ns )                    ; \p3:count[7]  ; \p3:count[21] ; clk        ; clk      ; None                        ; None                      ; 8.547 ns                ;
; N/A                                     ; 108.13 MHz ( period = 9.248 ns )                    ; number[6]     ; number[2]     ; clk        ; clk      ; None                        ; None                      ; 7.069 ns                ;
; N/A                                     ; 108.31 MHz ( period = 9.233 ns )                    ; number[6]     ; number[4]     ; clk        ; clk      ; None                        ; None                      ; 7.130 ns                ;
; N/A                                     ; 108.46 MHz ( period = 9.220 ns )                    ; number[7]     ; number[0]     ; clk        ; clk      ; None                        ; None                      ; 7.236 ns                ;
; N/A                                     ; 108.48 MHz ( period = 9.218 ns )                    ; number[2]     ; number[4]     ; clk        ; clk      ; None                        ; None                      ; 7.132 ns                ;
; N/A                                     ; 108.52 MHz ( period = 9.215 ns )                    ; number[4]     ; number[3]     ; clk        ; clk      ; None                        ; None                      ; 7.287 ns                ;
; N/A                                     ; 108.71 MHz ( period = 9.199 ns )                    ; \p3:count[3]  ; \p3:count[24] ; clk        ; clk      ; None                        ; None                      ; 8.490 ns                ;
; N/A                                     ; 108.71 MHz ( period = 9.199 ns )                    ; \p3:count[9]  ; \p3:count[12] ; clk        ; clk      ; None                        ; None                      ; 8.490 ns                ;
; N/A                                     ; 108.91 MHz ( period = 9.182 ns )                    ; number[5]     ; number[7]     ; clk        ; clk      ; None                        ; None                      ; 6.758 ns                ;
; N/A                                     ; 108.94 MHz ( period = 9.179 ns )                    ; \p3:count[9]  ; \p3:count[19] ; clk        ; clk      ; None                        ; None                      ; 8.470 ns                ;
; N/A                                     ; 109.05 MHz ( period = 9.170 ns )                    ; \p3:count[19] ; \p3:count[12] ; clk        ; clk      ; None                        ; None                      ; 8.461 ns                ;
; N/A                                     ; 109.15 MHz ( period = 9.162 ns )                    ; \p3:count[7]  ; \p3:count[24] ; clk        ; clk      ; None                        ; None                      ; 8.453 ns                ;
; N/A                                     ; 109.21 MHz ( period = 9.157 ns )                    ; \p3:count[12] ; \p3:count[16] ; clk        ; clk      ; None                        ; None                      ; 8.448 ns                ;
; N/A                                     ; 109.24 MHz ( period = 9.154 ns )                    ; \p3:count[12] ; \p3:count[11] ; clk        ; clk      ; None                        ; None                      ; 8.445 ns                ;
; N/A                                     ; 109.27 MHz ( period = 9.152 ns )                    ; \p3:count[12] ; move          ; clk        ; clk      ; None                        ; None                      ; 8.443 ns                ;
; N/A                                     ; 109.28 MHz ( period = 9.151 ns )                    ; \p3:count[5]  ; \p3:count[22] ; clk        ; clk      ; None                        ; None                      ; 8.442 ns                ;
; N/A                                     ; 109.28 MHz ( period = 9.151 ns )                    ; number[7]     ; number[4]     ; clk        ; clk      ; None                        ; None                      ; 7.046 ns                ;
; N/A                                     ; 109.29 MHz ( period = 9.150 ns )                    ; \p3:count[19] ; \p3:count[19] ; clk        ; clk      ; None                        ; None                      ; 8.441 ns                ;
; N/A                                     ; 109.36 MHz ( period = 9.144 ns )                    ; \p3:count[12] ; \p3:count[6]  ; clk        ; clk      ; None                        ; None                      ; 8.435 ns                ;
; N/A                                     ; 109.40 MHz ( period = 9.141 ns )                    ; \p3:count[12] ; \p3:count[18] ; clk        ; clk      ; None                        ; None                      ; 8.432 ns                ;
; N/A                                     ; 109.40 MHz ( period = 9.141 ns )                    ; \p3:count[3]  ; \p3:count[21] ; clk        ; clk      ; None                        ; None                      ; 8.432 ns                ;
; N/A                                     ; 109.46 MHz ( period = 9.136 ns )                    ; \p3:count[10] ; \p3:count[12] ; clk        ; clk      ; None                        ; None                      ; 8.427 ns                ;
; N/A                                     ; 109.53 MHz ( period = 9.130 ns )                    ; \p3:count[2]  ; \p3:count[22] ; clk        ; clk      ; None                        ; None                      ; 8.421 ns                ;
; N/A                                     ; 109.54 MHz ( period = 9.129 ns )                    ; \p3:count[2]  ; \p3:count[21] ; clk        ; clk      ; None                        ; None                      ; 8.420 ns                ;
; N/A                                     ; 109.57 MHz ( period = 9.127 ns )                    ; number[2]     ; number[7]     ; clk        ; clk      ; None                        ; None                      ; 6.715 ns                ;
; N/A                                     ; 109.64 MHz ( period = 9.121 ns )                    ; number[6]     ; number[0]     ; clk        ; clk      ; None                        ; None                      ; 7.139 ns                ;
; N/A                                     ; 109.70 MHz ( period = 9.116 ns )                    ; \p3:count[10] ; \p3:count[19] ; clk        ; clk      ; None                        ; None                      ; 8.407 ns                ;
; N/A                                     ; 109.75 MHz ( period = 9.112 ns )                    ; \p3:count[2]  ; \p3:count[13] ; clk        ; clk      ; None                        ; None                      ; 8.403 ns                ;
; N/A                                     ; 109.96 MHz ( period = 9.094 ns )                    ; \p3:count[16] ; \p3:count[16] ; clk        ; clk      ; None                        ; None                      ; 8.385 ns                ;
; N/A                                     ; 110.00 MHz ( period = 9.091 ns )                    ; \p3:count[16] ; \p3:count[11] ; clk        ; clk      ; None                        ; None                      ; 8.382 ns                ;
; N/A                                     ; 110.02 MHz ( period = 9.089 ns )                    ; \p3:count[16] ; move          ; clk        ; clk      ; None                        ; None                      ; 8.380 ns                ;
; N/A                                     ; 110.07 MHz ( period = 9.085 ns )                    ; number[0]     ; number[7]     ; clk        ; clk      ; None                        ; None                      ; 6.661 ns                ;
; N/A                                     ; 110.12 MHz ( period = 9.081 ns )                    ; \p3:count[16] ; \p3:count[6]  ; clk        ; clk      ; None                        ; None                      ; 8.372 ns                ;
; N/A                                     ; 110.14 MHz ( period = 9.079 ns )                    ; \p3:count[7]  ; \p3:count[17] ; clk        ; clk      ; None                        ; None                      ; 8.370 ns                ;
; N/A                                     ; 110.16 MHz ( period = 9.078 ns )                    ; \p3:count[16] ; \p3:count[18] ; clk        ; clk      ; None                        ; None                      ; 8.369 ns                ;
; N/A                                     ; 110.53 MHz ( period = 9.047 ns )                    ; number[4]     ; number[1]     ; clk        ; clk      ; None                        ; None                      ; 6.949 ns                ;
; N/A                                     ; 110.58 MHz ( period = 9.043 ns )                    ; number[0]     ; number[5]     ; clk        ; clk      ; None                        ; None                      ; 6.929 ns                ;
; N/A                                     ; 110.80 MHz ( period = 9.025 ns )                    ; number[3]     ; number[3]     ; clk        ; clk      ; None                        ; None                      ; 7.029 ns                ;
; N/A                                     ; 110.85 MHz ( period = 9.021 ns )                    ; number[6]     ; number[7]     ; clk        ; clk      ; None                        ; None                      ; 6.592 ns                ;
; N/A                                     ; 110.86 MHz ( period = 9.020 ns )                    ; number[1]     ; number[2]     ; clk        ; clk      ; None                        ; None                      ; 6.857 ns                ;
; N/A                                     ; 111.09 MHz ( period = 9.002 ns )                    ; \p3:count[5]  ; \p3:count[21] ; clk        ; clk      ; None                        ; None                      ; 8.293 ns                ;
; N/A                                     ; 111.23 MHz ( period = 8.990 ns )                    ; \p3:count[9]  ; \p3:count[16] ; clk        ; clk      ; None                        ; None                      ; 8.281 ns                ;
; N/A                                     ; 111.25 MHz ( period = 8.989 ns )                    ; \p3:count[12] ; \p3:count[24] ; clk        ; clk      ; None                        ; None                      ; 8.280 ns                ;
; N/A                                     ; 111.26 MHz ( period = 8.988 ns )                    ; \p3:count[20] ; \p3:count[22] ; clk        ; clk      ; None                        ; None                      ; 8.279 ns                ;
; N/A                                     ; 111.27 MHz ( period = 8.987 ns )                    ; \p3:count[9]  ; \p3:count[11] ; clk        ; clk      ; None                        ; None                      ; 8.278 ns                ;
; N/A                                     ; 111.27 MHz ( period = 8.987 ns )                    ; \p3:count[20] ; \p3:count[21] ; clk        ; clk      ; None                        ; None                      ; 8.278 ns                ;
; N/A                                     ; 111.28 MHz ( period = 8.986 ns )                    ; \p3:count[4]  ; \p3:count[22] ; clk        ; clk      ; None                        ; None                      ; 8.277 ns                ;
; N/A                                     ; 111.30 MHz ( period = 8.985 ns )                    ; \p3:count[9]  ; move          ; clk        ; clk      ; None                        ; None                      ; 8.276 ns                ;
; N/A                                     ; 111.40 MHz ( period = 8.977 ns )                    ; \p3:count[9]  ; \p3:count[6]  ; clk        ; clk      ; None                        ; None                      ; 8.268 ns                ;
; N/A                                     ; 111.43 MHz ( period = 8.974 ns )                    ; \p3:count[9]  ; \p3:count[18] ; clk        ; clk      ; None                        ; None                      ; 8.265 ns                ;
; N/A                                     ; 111.45 MHz ( period = 8.973 ns )                    ; number[5]     ; number[5]     ; clk        ; clk      ; None                        ; None                      ; 6.859 ns                ;
; N/A                                     ; 111.48 MHz ( period = 8.970 ns )                    ; \p3:count[20] ; \p3:count[13] ; clk        ; clk      ; None                        ; None                      ; 8.261 ns                ;
; N/A                                     ; 111.53 MHz ( period = 8.966 ns )                    ; number[0]     ; number[3]     ; clk        ; clk      ; None                        ; None                      ; 6.950 ns                ;
; N/A                                     ; 111.56 MHz ( period = 8.964 ns )                    ; \p3:count[3]  ; \p3:count[17] ; clk        ; clk      ; None                        ; None                      ; 8.255 ns                ;
; N/A                                     ; 111.59 MHz ( period = 8.961 ns )                    ; \p3:count[19] ; \p3:count[16] ; clk        ; clk      ; None                        ; None                      ; 8.252 ns                ;
; N/A                                     ; 111.63 MHz ( period = 8.958 ns )                    ; \p3:count[19] ; \p3:count[11] ; clk        ; clk      ; None                        ; None                      ; 8.249 ns                ;
; N/A                                     ; 111.66 MHz ( period = 8.956 ns )                    ; \p3:count[19] ; move          ; clk        ; clk      ; None                        ; None                      ; 8.247 ns                ;
; N/A                                     ; 111.67 MHz ( period = 8.955 ns )                    ; number[5]     ; number[4]     ; clk        ; clk      ; None                        ; None                      ; 6.857 ns                ;
; N/A                                     ; 111.72 MHz ( period = 8.951 ns )                    ; number[1]     ; number[5]     ; clk        ; clk      ; None                        ; None                      ; 6.848 ns                ;
; N/A                                     ; 111.76 MHz ( period = 8.948 ns )                    ; \p3:count[19] ; \p3:count[6]  ; clk        ; clk      ; None                        ; None                      ; 8.239 ns                ;
; N/A                                     ; 111.79 MHz ( period = 8.945 ns )                    ; \p3:count[19] ; \p3:count[18] ; clk        ; clk      ; None                        ; None                      ; 8.236 ns                ;
; N/A                                     ; 111.91 MHz ( period = 8.936 ns )                    ; \p3:count[6]  ; \p3:count[12] ; clk        ; clk      ; None                        ; None                      ; 8.227 ns                ;
; N/A                                     ; 112.02 MHz ( period = 8.927 ns )                    ; \p3:count[10] ; \p3:count[16] ; clk        ; clk      ; None                        ; None                      ; 8.218 ns                ;
; N/A                                     ; 112.03 MHz ( period = 8.926 ns )                    ; \p3:count[16] ; \p3:count[24] ; clk        ; clk      ; None                        ; None                      ; 8.217 ns                ;
; N/A                                     ; 112.06 MHz ( period = 8.924 ns )                    ; \p3:count[10] ; \p3:count[11] ; clk        ; clk      ; None                        ; None                      ; 8.215 ns                ;
; N/A                                     ; 112.08 MHz ( period = 8.922 ns )                    ; \p3:count[10] ; move          ; clk        ; clk      ; None                        ; None                      ; 8.213 ns                ;
; N/A                                     ; 112.13 MHz ( period = 8.918 ns )                    ; number[7]     ; number[7]     ; clk        ; clk      ; None                        ; None                      ; 6.487 ns                ;
; N/A                                     ; 112.16 MHz ( period = 8.916 ns )                    ; \p3:count[6]  ; \p3:count[19] ; clk        ; clk      ; None                        ; None                      ; 8.207 ns                ;
; N/A                                     ; 112.18 MHz ( period = 8.914 ns )                    ; \p3:count[10] ; \p3:count[6]  ; clk        ; clk      ; None                        ; None                      ; 8.205 ns                ;
; N/A                                     ; 112.22 MHz ( period = 8.911 ns )                    ; \p3:count[10] ; \p3:count[18] ; clk        ; clk      ; None                        ; None                      ; 8.202 ns                ;
; N/A                                     ; 112.32 MHz ( period = 8.903 ns )                    ; \p3:count[7]  ; \p3:count[20] ; clk        ; clk      ; None                        ; None                      ; 8.194 ns                ;
; N/A                                     ; 112.36 MHz ( period = 8.900 ns )                    ; \p3:count[5]  ; \p3:count[0]  ; clk        ; clk      ; None                        ; None                      ; 8.191 ns                ;
; N/A                                     ; 112.66 MHz ( period = 8.876 ns )                    ; number[3]     ; number[5]     ; clk        ; clk      ; None                        ; None                      ; 6.782 ns                ;
; N/A                                     ; 112.71 MHz ( period = 8.872 ns )                    ; number[1]     ; number[4]     ; clk        ; clk      ; None                        ; None                      ; 6.785 ns                ;
; N/A                                     ; 112.79 MHz ( period = 8.866 ns )                    ; number[2]     ; number[3]     ; clk        ; clk      ; None                        ; None                      ; 6.862 ns                ;
; N/A                                     ; 113.10 MHz ( period = 8.842 ns )                    ; number[0]     ; number[0]     ; clk        ; clk      ; None                        ; None                      ; 6.865 ns                ;
; N/A                                     ; 113.16 MHz ( period = 8.837 ns )                    ; \p3:count[3]  ; \p3:count[0]  ; clk        ; clk      ; None                        ; None                      ; 8.128 ns                ;
; N/A                                     ; 113.16 MHz ( period = 8.837 ns )                    ; \p3:count[4]  ; \p3:count[21] ; clk        ; clk      ; None                        ; None                      ; 8.128 ns                ;
; N/A                                     ; 113.31 MHz ( period = 8.825 ns )                    ; \p3:count[5]  ; \p3:count[17] ; clk        ; clk      ; None                        ; None                      ; 8.116 ns                ;
; N/A                                     ; 113.35 MHz ( period = 8.822 ns )                    ; \p3:count[9]  ; \p3:count[24] ; clk        ; clk      ; None                        ; None                      ; 8.113 ns                ;
; N/A                                     ; 113.35 MHz ( period = 8.822 ns )                    ; \p3:count[0]  ; \p3:count[22] ; clk        ; clk      ; None                        ; None                      ; 8.113 ns                ;
; N/A                                     ; 113.37 MHz ( period = 8.821 ns )                    ; \p3:count[0]  ; \p3:count[21] ; clk        ; clk      ; None                        ; None                      ; 8.112 ns                ;
; N/A                                     ; 113.39 MHz ( period = 8.819 ns )                    ; \p3:count[6]  ; \p3:count[22] ; clk        ; clk      ; None                        ; None                      ; 8.110 ns                ;
; N/A                                     ; 113.44 MHz ( period = 8.815 ns )                    ; \p3:count[22] ; \p3:count[22] ; clk        ; clk      ; None                        ; None                      ; 8.106 ns                ;
; N/A                                     ; 113.46 MHz ( period = 8.814 ns )                    ; \p3:count[22] ; \p3:count[21] ; clk        ; clk      ; None                        ; None                      ; 8.105 ns                ;
; N/A                                     ; 113.55 MHz ( period = 8.807 ns )                    ; number[5]     ; number[0]     ; clk        ; clk      ; None                        ; None                      ; 6.830 ns                ;
; N/A                                     ; 113.58 MHz ( period = 8.804 ns )                    ; \p3:count[0]  ; \p3:count[13] ; clk        ; clk      ; None                        ; None                      ; 8.095 ns                ;
; N/A                                     ; 113.64 MHz ( period = 8.800 ns )                    ; \p3:count[7]  ; \p3:count[0]  ; clk        ; clk      ; None                        ; None                      ; 8.091 ns                ;
; N/A                                     ; 113.65 MHz ( period = 8.799 ns )                    ; number[7]     ; number[3]     ; clk        ; clk      ; None                        ; None                      ; 6.776 ns                ;
; N/A                                     ; 113.68 MHz ( period = 8.797 ns )                    ; \p3:count[22] ; \p3:count[13] ; clk        ; clk      ; None                        ; None                      ; 8.088 ns                ;
; N/A                                     ; 113.69 MHz ( period = 8.796 ns )                    ; number[4]     ; number[2]     ; clk        ; clk      ; None                        ; None                      ; 6.710 ns                ;
; N/A                                     ; 113.73 MHz ( period = 8.793 ns )                    ; \p3:count[19] ; \p3:count[24] ; clk        ; clk      ; None                        ; None                      ; 8.084 ns                ;
; N/A                                     ; 113.73 MHz ( period = 8.793 ns )                    ; \p3:count[21] ; \p3:count[22] ; clk        ; clk      ; None                        ; None                      ; 8.084 ns                ;
; N/A                                     ; 113.74 MHz ( period = 8.792 ns )                    ; \p3:count[21] ; \p3:count[21] ; clk        ; clk      ; None                        ; None                      ; 8.083 ns                ;
; N/A                                     ; 113.79 MHz ( period = 8.788 ns )                    ; \p3:count[3]  ; \p3:count[20] ; clk        ; clk      ; None                        ; None                      ; 8.079 ns                ;
; N/A                                     ; 113.96 MHz ( period = 8.775 ns )                    ; \p3:count[21] ; \p3:count[13] ; clk        ; clk      ; None                        ; None                      ; 8.066 ns                ;
; N/A                                     ; 114.04 MHz ( period = 8.769 ns )                    ; number[0]     ; number[6]     ; clk        ; clk      ; None                        ; None                      ; 6.659 ns                ;
; N/A                                     ; 114.16 MHz ( period = 8.760 ns )                    ; \p3:count[13] ; \p3:count[22] ; clk        ; clk      ; None                        ; None                      ; 8.051 ns                ;
; N/A                                     ; 114.17 MHz ( period = 8.759 ns )                    ; \p3:count[10] ; \p3:count[24] ; clk        ; clk      ; None                        ; None                      ; 8.050 ns                ;
; N/A                                     ; 114.31 MHz ( period = 8.748 ns )                    ; number[6]     ; number[3]     ; clk        ; clk      ; None                        ; None                      ; 6.727 ns                ;
; N/A                                     ; 114.59 MHz ( period = 8.727 ns )                    ; \p3:count[6]  ; \p3:count[16] ; clk        ; clk      ; None                        ; None                      ; 8.018 ns                ;
; N/A                                     ; 114.63 MHz ( period = 8.724 ns )                    ; \p3:count[6]  ; \p3:count[11] ; clk        ; clk      ; None                        ; None                      ; 8.015 ns                ;
; N/A                                     ; 114.65 MHz ( period = 8.722 ns )                    ; \p3:count[6]  ; move          ; clk        ; clk      ; None                        ; None                      ; 8.013 ns                ;
; N/A                                     ; 114.76 MHz ( period = 8.714 ns )                    ; \p3:count[6]  ; \p3:count[6]  ; clk        ; clk      ; None                        ; None                      ; 8.005 ns                ;
; N/A                                     ; 114.80 MHz ( period = 8.711 ns )                    ; \p3:count[6]  ; \p3:count[18] ; clk        ; clk      ; None                        ; None                      ; 8.002 ns                ;
; N/A                                     ; 115.06 MHz ( period = 8.691 ns )                    ; number[2]     ; number[0]     ; clk        ; clk      ; None                        ; None                      ; 6.726 ns                ;
; N/A                                     ; 115.11 MHz ( period = 8.687 ns )                    ; \p3:count[10] ; \p3:count[22] ; clk        ; clk      ; None                        ; None                      ; 7.978 ns                ;
; N/A                                     ; 115.15 MHz ( period = 8.684 ns )                    ; number[3]     ; number[7]     ; clk        ; clk      ; None                        ; None                      ; 6.280 ns                ;
; N/A                                     ; 115.18 MHz ( period = 8.682 ns )                    ; \p3:count[4]  ; \p3:count[19] ; clk        ; clk      ; None                        ; None                      ; 7.973 ns                ;
; N/A                                     ; 115.22 MHz ( period = 8.679 ns )                    ; \p3:count[9]  ; \p3:count[22] ; clk        ; clk      ; None                        ; None                      ; 7.970 ns                ;
; Timing analysis restricted to 200 rows. ; To change the limit use Settings (Assignments menu) ;               ;               ;            ;          ;                             ;                           ;                         ;
+-----------------------------------------+-----------------------------------------------------+---------------+---------------+------------+----------+-----------------------------+---------------------------+-------------------------+


+-------------------------------------------------------------------------+
; tco                                                                     ;
+-------+--------------+------------+-----------+------------+------------+
; Slack ; Required tco ; Actual tco ; From      ; To         ; From Clock ;
+-------+--------------+------------+-----------+------------+------------+
; N/A   ; None         ; 18.860 ns  ; number[2] ; partout[5] ; clk        ;
; N/A   ; None         ; 18.669 ns  ; number[0] ; partout[5] ; clk        ;
; N/A   ; None         ; 18.639 ns  ; number[7] ; partout[5] ; clk        ;
; N/A   ; None         ; 18.518 ns  ; number[0] ; partout[3] ; clk        ;
; N/A   ; None         ; 18.501 ns  ; number[3] ; partout[5] ; clk        ;
; N/A   ; None         ; 18.400 ns  ; number[6] ; partout[2] ; clk        ;
; N/A   ; None         ; 18.344 ns  ; number[5] ; partout[3] ; clk        ;
; N/A   ; None         ; 18.292 ns  ; number[0] ; partout[6] ; clk        ;
; N/A   ; None         ; 18.290 ns  ; number[1] ; partout[5] ; clk        ;
; N/A   ; None         ; 18.289 ns  ; number[2] ; partout[3] ; clk        ;
; N/A   ; None         ; 18.241 ns  ; number[3] ; partout[3] ; clk        ;
; N/A   ; None         ; 18.230 ns  ; number[6] ; partout[5] ; clk        ;
; N/A   ; None         ; 18.226 ns  ; number[5] ; partout[5] ; clk        ;
; N/A   ; None         ; 18.134 ns  ; number[5] ; partout[6] ; clk        ;
; N/A   ; None         ; 18.086 ns  ; number[6] ; partout[3] ; clk        ;
; N/A   ; None         ; 18.080 ns  ; number[7] ; partout[3] ; clk        ;
; N/A   ; None         ; 18.079 ns  ; number[2] ; partout[6] ; clk        ;
; N/A   ; None         ; 18.047 ns  ; number[1] ; partout[3] ; clk        ;
; N/A   ; None         ; 18.045 ns  ; number[0] ; partout[1] ; clk        ;
; N/A   ; None         ; 18.015 ns  ; number[3] ; partout[6] ; clk        ;
; N/A   ; None         ; 17.897 ns  ; number[0] ; partout[2] ; clk        ;
; N/A   ; None         ; 17.884 ns  ; number[3] ; partout[2] ; clk        ;
; N/A   ; None         ; 17.870 ns  ; number[7] ; partout[6] ; clk        ;
; N/A   ; None         ; 17.868 ns  ; number[6] ; partout[6] ; clk        ;
; N/A   ; None         ; 17.826 ns  ; number[1] ; partout[6] ; clk        ;
; N/A   ; None         ; 17.719 ns  ; number[2] ; partout[2] ; clk        ;
; N/A   ; None         ; 17.657 ns  ; number[5] ; partout[1] ; clk        ;
; N/A   ; None         ; 17.626 ns  ; number[6] ; partout[1] ; clk        ;
; N/A   ; None         ; 17.614 ns  ; number[3] ; partout[1] ; clk        ;
; N/A   ; None         ; 17.557 ns  ; number[4] ; partout[5] ; clk        ;
; N/A   ; None         ; 17.455 ns  ; number[2] ; partout[1] ; clk        ;
; N/A   ; None         ; 17.310 ns  ; number[5] ; partout[0] ; clk        ;
; N/A   ; None         ; 17.154 ns  ; number[4] ; partout[0] ; clk        ;
; N/A   ; None         ; 17.109 ns  ; number[1] ; partout[1] ; clk        ;
; N/A   ; None         ; 17.066 ns  ; number[5] ; partout[2] ; clk        ;
; N/A   ; None         ; 17.062 ns  ; number[1] ; partout[2] ; clk        ;
; N/A   ; None         ; 16.991 ns  ; number[4] ; partout[3] ; clk        ;
; N/A   ; None         ; 16.982 ns  ; number[4] ; partout[2] ; clk        ;
; N/A   ; None         ; 16.923 ns  ; number[7] ; partout[1] ; clk        ;
; N/A   ; None         ; 16.904 ns  ; number[1] ; partout[0] ; clk        ;
; N/A   ; None         ; 16.781 ns  ; number[4] ; partout[6] ; clk        ;
; N/A   ; None         ; 16.739 ns  ; number[7] ; partout[2] ; clk        ;
; N/A   ; None         ; 16.710 ns  ; number[3] ; partout[0] ; clk        ;
; N/A   ; None         ; 16.553 ns  ; number[2] ; partout[0] ; clk        ;
; N/A   ; None         ; 16.428 ns  ; number[4] ; partout[4] ; clk        ;
; N/A   ; None         ; 16.418 ns  ; number[4] ; partout[1] ; clk        ;
; N/A   ; None         ; 16.352 ns  ; number[0] ; partout[0] ; clk        ;
; N/A   ; None         ; 15.743 ns  ; number[3] ; partout[4] ; clk        ;
; N/A   ; None         ; 15.684 ns  ; number[0] ; partout[4] ; clk        ;
; N/A   ; None         ; 15.584 ns  ; number[2] ; partout[4] ; clk        ;
; N/A   ; None         ; 15.517 ns  ; number[7] ; partout[4] ; clk        ;
; N/A   ; None         ; 15.467 ns  ; number[6] ; partout[0] ; clk        ;
; N/A   ; None         ; 15.452 ns  ; number[7] ; partout[0] ; clk        ;
; N/A   ; None         ; 15.444 ns  ; number[6] ; partout[4] ; clk        ;
; N/A   ; None         ; 15.321 ns  ; number[5] ; partout[4] ; clk        ;
; N/A   ; None         ; 15.238 ns  ; number[1] ; partout[4] ; clk        ;
; N/A   ; None         ; 13.925 ns  ; cat[4]    ; catout[4]  ; clk        ;
; N/A   ; None         ; 13.488 ns  ; cat[7]    ; catout[7]  ; clk        ;
; N/A   ; None         ; 13.229 ns  ; cat[0]    ; catout[0]  ; clk        ;
; N/A   ; None         ; 13.083 ns  ; cat[1]    ; catout[1]  ; clk        ;
; N/A   ; None         ; 12.946 ns  ; cat[2]    ; catout[2]  ; clk        ;
; N/A   ; None         ; 12.801 ns  ; cat[3]    ; catout[3]  ; clk        ;
; N/A   ; None         ; 12.694 ns  ; cat[6]    ; catout[6]  ; clk        ;
; N/A   ; None         ; 11.607 ns  ; cat[5]    ; catout[5]  ; clk        ;
+-------+--------------+------------+-----------+------------+------------+


+--------------------------+
; Timing Analyzer Messages ;
+--------------------------+
Info: *******************************************************************
Info: Running Quartus II Classic Timing Analyzer
    Info: Version 9.0 Build 132 02/25/2009 SJ Full Version
    Info: Processing started: Sun Jun 10 23:09:15 2018
Info: Command: quartus_tan --read_settings_files=off --write_settings_files=off roll -c roll
Info: Parallel compilation is enabled and will use 2 of the 2 processors detected
Info: Started post-fitting delay annotation
Info: Delay annotation completed successfully
Warning: Timing Analysis is analyzing one or more combinational loops as latches
    Warning: Node "number[1]" is a latch
    Warning: Node "number[3]" is a latch
    Warning: Node "number[2]" is a latch
    Warning: Node "number[5]" is a latch
    Warning: Node "number[4]" is a latch
    Warning: Node "number[0]" is a latch
    Warning: Node "number[6]" is a latch
    Warning: Node "number[7]" is a latch
    Warning: Node "\p4:judge2" is a latch
Warning: Found pins functioning as undefined clocks and/or memory enables
    Info: Assuming node "clk" is an undefined clock
Warning: Found 2 node(s) in clock paths which may be acting as ripple and/or gated clocks -- node(s) analyzed as buffer(s) resulting in clock skew
    Info: Detected ripple clock "move" as buffer
    Info: Detected ripple clock "tempclk" as buffer
Info: Clock "clk" has Internal fmax of 95.75 MHz between source register "\p3:count[2]" and destination register "\p3:count[12]" (period= 10.444 ns)
    Info: + Longest register to register delay is 9.735 ns
        Info: 1: + IC(0.000 ns) + CELL(0.000 ns) = 0.000 ns; Loc. = LC_X14_Y6_N2; Fanout = 4; REG Node = '\p3:count[2]'
        Info: 2: + IC(2.482 ns) + CELL(0.740 ns) = 3.222 ns; Loc. = LC_X14_Y6_N0; Fanout = 1; COMB Node = 'Equal1~0'
        Info: 3: + IC(1.901 ns) + CELL(0.511 ns) = 5.634 ns; Loc. = LC_X15_Y5_N8; Fanout = 1; COMB Node = 'Equal1~4'
        Info: 4: + IC(0.733 ns) + CELL(0.200 ns) = 6.567 ns; Loc. = LC_X15_Y5_N1; Fanout = 14; COMB Node = 'Equal1~7'
        Info: 5: + IC(2.107 ns) + CELL(1.061 ns) = 9.735 ns; Loc. = LC_X15_Y7_N6; Fanout = 4; REG Node = '\p3:count[12]'
        Info: Total cell delay = 2.512 ns ( 25.80 % )
        Info: Total interconnect delay = 7.223 ns ( 74.20 % )
    Info: - Smallest clock skew is 0.000 ns
        Info: + Shortest clock path from clock "clk" to destination register is 3.819 ns
            Info: 1: + IC(0.000 ns) + CELL(1.163 ns) = 1.163 ns; Loc. = PIN_18; Fanout = 43; CLK Node = 'clk'
            Info: 2: + IC(1.738 ns) + CELL(0.918 ns) = 3.819 ns; Loc. = LC_X15_Y7_N6; Fanout = 4; REG Node = '\p3:count[12]'
            Info: Total cell delay = 2.081 ns ( 54.49 % )
            Info: Total interconnect delay = 1.738 ns ( 45.51 % )
        Info: - Longest clock path from clock "clk" to source register is 3.819 ns
            Info: 1: + IC(0.000 ns) + CELL(1.163 ns) = 1.163 ns; Loc. = PIN_18; Fanout = 43; CLK Node = 'clk'
            Info: 2: + IC(1.738 ns) + CELL(0.918 ns) = 3.819 ns; Loc. = LC_X14_Y6_N2; Fanout = 4; REG Node = '\p3:count[2]'
            Info: Total cell delay = 2.081 ns ( 54.49 % )
            Info: Total interconnect delay = 1.738 ns ( 45.51 % )
    Info: + Micro clock to output delay of source is 0.376 ns
    Info: + Micro setup delay of destination is 0.333 ns
Info: tco from clock "clk" to destination pin "partout[5]" through register "number[2]" is 18.860 ns
    Info: + Longest clock path from clock "clk" to source register is 8.743 ns
        Info: 1: + IC(0.000 ns) + CELL(1.163 ns) = 1.163 ns; Loc. = PIN_18; Fanout = 43; CLK Node = 'clk'
        Info: 2: + IC(1.738 ns) + CELL(1.294 ns) = 4.195 ns; Loc. = LC_X12_Y3_N2; Fanout = 18; REG Node = 'tempclk'
        Info: 3: + IC(4.037 ns) + CELL(0.511 ns) = 8.743 ns; Loc. = LC_X14_Y7_N4; Fanout = 8; REG Node = 'number[2]'
        Info: Total cell delay = 2.968 ns ( 33.95 % )
        Info: Total interconnect delay = 5.775 ns ( 66.05 % )
    Info: + Micro clock to output delay of source is 0.000 ns
    Info: + Longest register to pin delay is 10.117 ns
        Info: 1: + IC(0.000 ns) + CELL(0.000 ns) = 0.000 ns; Loc. = LC_X14_Y7_N4; Fanout = 8; REG Node = 'number[2]'
        Info: 2: + IC(1.927 ns) + CELL(0.914 ns) = 2.841 ns; Loc. = LC_X13_Y8_N5; Fanout = 1; COMB Node = 'Mux16~0'
        Info: 3: + IC(0.781 ns) + CELL(0.511 ns) = 4.133 ns; Loc. = LC_X13_Y8_N3; Fanout = 1; COMB Node = 'Mux16~1'
        Info: 4: + IC(3.662 ns) + CELL(2.322 ns) = 10.117 ns; Loc. = PIN_14; Fanout = 0; PIN Node = 'partout[5]'
        Info: Total cell delay = 3.747 ns ( 37.04 % )
        Info: Total interconnect delay = 6.370 ns ( 62.96 % )
Info: Quartus II Classic Timing Analyzer was successful. 0 errors, 12 warnings
    Info: Peak virtual memory: 207 megabytes
    Info: Processing ended: Sun Jun 10 23:09:16 2018
    Info: Elapsed time: 00:00:01
    Info: Total CPU time (on all processors): 00:00:01


